<?xml version="1.0" encoding="UTF-8"?>
<testng-results skipped="0" failed="0" ignored="0" total="1" passed="1">
  <reporter-output>
  </reporter-output>
  <suite name="Default suite" duration-ms="3555" started-at="2023-08-15T19:33:23Z" finished-at="2023-08-15T19:33:27Z">
    <groups>
    </groups>
    <test name="Default test" duration-ms="3555" started-at="2023-08-15T19:33:23Z" finished-at="2023-08-15T19:33:27Z">
      <class name="goRestAPIconcepts.TC003_Post_Calls_payload_public">
        <test-method status="PASS" signature="generatePayload()[pri:0, instance:goRestAPIconcepts.TC003_Post_Calls_payload_public@168ef40]" name="generatePayload" is-config="true" duration-ms="565" started-at="2023-08-15T19:33:23Z" finished-at="2023-08-15T19:33:24Z">
          <reporter-output>
          </reporter-output>
        </test-method> <!-- generatePayload -->
        <test-method status="PASS" signature="createCustomerDetails()[pri:0, instance:goRestAPIconcepts.TC003_Post_Calls_payload_public@168ef40]" name="createCustomerDetails" duration-ms="2968" started-at="2023-08-15T19:33:24Z" finished-at="2023-08-15T19:33:27Z">
          <reporter-output>
          </reporter-output>
        </test-method> <!-- createCustomerDetails -->
      </class> <!-- goRestAPIconcepts.TC003_Post_Calls_payload_public -->
    </test> <!-- Default test -->
  </suite> <!-- Default suite -->
</testng-results>
